<?xml version="1.0" encoding="UTF-8"?>
<coverage generated="1510338588842" clover="3.2.0">
  <project timestamp="1510338588842" name="All files">
    <metrics statements="43" coveredstatements="43" conditionals="10" coveredconditionals="10" methods="18" coveredmethods="18" elements="71" coveredelements="71" complexity="0" loc="43" ncloc="43" packages="3" files="4" classes="4">
      <package name="engine">
        <metrics statements="13" coveredstatements="13" conditionals="0" coveredconditionals="0" methods="7" coveredmethods="7"/>
        <file name="CheerioEngine.js" path="/home/muramasa/Desarrollo/another-scraper/src/engine/CheerioEngine.js">
          <metrics statements="10" coveredstatements="10" conditionals="0" coveredconditionals="0" methods="4" coveredmethods="4"/>
          <line num="3" count="1" type="stmt"/>
          <line num="4" count="2" type="stmt"/>
          <line num="5" count="6" type="stmt"/>
          <line num="7" count="6" type="stmt"/>
          <line num="10" count="2" type="stmt"/>
          <line num="15" count="2" type="stmt"/>
          <line num="16" count="2" type="stmt"/>
          <line num="18" count="2" type="stmt"/>
          <line num="20" count="6" type="stmt"/>
          <line num="23" count="2" type="stmt"/>
        </file>
        <file name="EngineInterface.js" path="/home/muramasa/Desarrollo/another-scraper/src/engine/EngineInterface.js">
          <metrics statements="3" coveredstatements="3" conditionals="0" coveredconditionals="0" methods="3" coveredmethods="3"/>
          <line num="24" count="2" type="stmt"/>
          <line num="38" count="2" type="stmt"/>
          <line num="39" count="2" type="stmt"/>
        </file>
      </package>
      <package name="scraper">
        <metrics statements="21" coveredstatements="21" conditionals="6" coveredconditionals="6" methods="6" coveredmethods="6"/>
        <file name="Scraper.js" path="/home/muramasa/Desarrollo/another-scraper/src/scraper/Scraper.js">
          <metrics statements="21" coveredstatements="21" conditionals="6" coveredconditionals="6" methods="6" coveredmethods="6"/>
          <line num="11" count="1" type="stmt"/>
          <line num="15" count="2" type="stmt"/>
          <line num="16" count="2" type="stmt"/>
          <line num="17" count="2" type="stmt"/>
          <line num="19" count="2" type="stmt"/>
          <line num="23" count="2" type="stmt"/>
          <line num="25" count="2" type="stmt"/>
          <line num="29" count="2" type="stmt"/>
          <line num="31" count="2" type="stmt"/>
          <line num="35" count="1" type="stmt"/>
          <line num="37" count="1" type="stmt"/>
          <line num="41" count="1" type="stmt"/>
          <line num="43" count="2" type="stmt"/>
          <line num="45" count="2" type="stmt"/>
          <line num="47" count="2" type="cond" truecount="2" falsecount="0"/>
          <line num="48" count="1" type="stmt"/>
          <line num="51" count="2" type="cond" truecount="2" falsecount="0"/>
          <line num="52" count="1" type="stmt"/>
          <line num="55" count="2" type="cond" truecount="2" falsecount="0"/>
          <line num="56" count="1" type="stmt"/>
          <line num="59" count="2" type="stmt"/>
        </file>
      </package>
      <package name="state">
        <metrics statements="9" coveredstatements="9" conditionals="4" coveredconditionals="4" methods="5" coveredmethods="5"/>
        <file name="State.js" path="/home/muramasa/Desarrollo/another-scraper/src/state/State.js">
          <metrics statements="9" coveredstatements="9" conditionals="4" coveredconditionals="4" methods="5" coveredmethods="5"/>
          <line num="6" count="4" type="stmt"/>
          <line num="10" count="4" type="stmt"/>
          <line num="12" count="4" type="cond" truecount="2" falsecount="0"/>
          <line num="13" count="1" type="stmt"/>
          <line num="18" count="7" type="stmt"/>
          <line num="19" count="7" type="stmt"/>
          <line num="25" count="7" type="cond" truecount="2" falsecount="0"/>
          <line num="26" count="6" type="stmt"/>
          <line num="28" count="1" type="stmt"/>
        </file>
      </package>
    </metrics>
  </project>
</coverage>
