{"/home/muramasa/Desarrollo/another-scraper/src/engine/CheerioEngine.js": {"path":"/home/muramasa/Desarrollo/another-scraper/src/engine/CheerioEngine.js","statementMap":{"0":{"start":{"line":3,"column":16},"end":{"line":11,"column":1}},"1":{"start":{"line":4,"column":4},"end":{"line":8,"column":7}},"2":{"start":{"line":5,"column":24},"end":{"line":5,"column":35}},"3":{"start":{"line":7,"column":8},"end":{"line":7,"column":39}},"4":{"start":{"line":10,"column":4},"end":{"line":10,"column":18}},"5":{"start":{"line":15,"column":22},"end":{"line":15,"column":40}},"6":{"start":{"line":16,"column":28},"end":{"line":16,"column":30}},"7":{"start":{"line":18,"column":8},"end":{"line":21,"column":11}},"8":{"start":{"line":20,"column":12},"end":{"line":20,"column":55}},"9":{"start":{"line":23,"column":8},"end":{"line":23,"column":29}}},"fnMap":{"0":{"name":"(anonymous_0)","decl":{"start":{"line":3,"column":16},"end":{"line":3,"column":17}},"loc":{"start":{"line":3,"column":42},"end":{"line":11,"column":1}},"line":3},"1":{"name":"(anonymous_1)","decl":{"start":{"line":4,"column":32},"end":{"line":4,"column":33}},"loc":{"start":{"line":4,"column":47},"end":{"line":8,"column":5}},"line":4},"2":{"name":"(anonymous_2)","decl":{"start":{"line":14,"column":4},"end":{"line":14,"column":5}},"loc":{"start":{"line":14,"column":38},"end":{"line":24,"column":5}},"line":14},"3":{"name":"(anonymous_3)","decl":{"start":{"line":18,"column":32},"end":{"line":18,"column":33}},"loc":{"start":{"line":18,"column":58},"end":{"line":21,"column":9}},"line":18}},"branchMap":{},"s":{"0":1,"1":2,"2":6,"3":6,"4":2,"5":2,"6":2,"7":2,"8":6,"9":2},"f":{"0":2,"1":6,"2":2,"3":6},"b":{},"_coverageSchema":"332fd63041d2c1bcb487cc26dd0d5f7d97098a6c","hash":"eb7ea277e92e1820b0e7acc8d47e116704698535"}
,"/home/muramasa/Desarrollo/another-scraper/src/engine/EngineInterface.js": {"path":"/home/muramasa/Desarrollo/another-scraper/src/engine/EngineInterface.js","statementMap":{"0":{"start":{"line":24,"column":8},"end":{"line":24,"column":50}},"1":{"start":{"line":38,"column":8},"end":{"line":40,"column":10}},"2":{"start":{"line":39,"column":12},"end":{"line":39,"column":54}}},"fnMap":{"0":{"name":"(anonymous_0)","decl":{"start":{"line":23,"column":4},"end":{"line":23,"column":5}},"loc":{"start":{"line":23,"column":22},"end":{"line":25,"column":5}},"line":23},"1":{"name":"(anonymous_1)","decl":{"start":{"line":37,"column":4},"end":{"line":37,"column":5}},"loc":{"start":{"line":37,"column":35},"end":{"line":41,"column":5}},"line":37},"2":{"name":"(anonymous_2)","decl":{"start":{"line":38,"column":15},"end":{"line":38,"column":16}},"loc":{"start":{"line":38,"column":25},"end":{"line":40,"column":9}},"line":38}},"branchMap":{},"s":{"0":2,"1":2,"2":2},"f":{"0":2,"1":2,"2":2},"b":{},"_coverageSchema":"332fd63041d2c1bcb487cc26dd0d5f7d97098a6c","hash":"d1ea2b7166a12fe232cbf7616b9516f2704705db"}
,"/home/muramasa/Desarrollo/another-scraper/src/scraper/Scraper.js": {"path":"/home/muramasa/Desarrollo/another-scraper/src/scraper/Scraper.js","statementMap":{"0":{"start":{"line":11,"column":8},"end":{"line":11,"column":50}},"1":{"start":{"line":15,"column":27},"end":{"line":15,"column":55}},"2":{"start":{"line":16,"column":23},"end":{"line":16,"column":47}},"3":{"start":{"line":17,"column":24},"end":{"line":17,"column":48}},"4":{"start":{"line":19,"column":8},"end":{"line":19,"column":29}},"5":{"start":{"line":23,"column":8},"end":{"line":23,"column":51}},"6":{"start":{"line":25,"column":8},"end":{"line":25,"column":20}},"7":{"start":{"line":29,"column":8},"end":{"line":29,"column":39}},"8":{"start":{"line":31,"column":8},"end":{"line":31,"column":20}},"9":{"start":{"line":35,"column":8},"end":{"line":35,"column":33}},"10":{"start":{"line":37,"column":8},"end":{"line":37,"column":20}},"11":{"start":{"line":41,"column":29},"end":{"line":60,"column":1}},"12":{"start":{"line":43,"column":18},"end":{"line":43,"column":31}},"13":{"start":{"line":45,"column":4},"end":{"line":45,"column":32}},"14":{"start":{"line":47,"column":4},"end":{"line":49,"column":5}},"15":{"start":{"line":48,"column":8},"end":{"line":48,"column":43}},"16":{"start":{"line":51,"column":4},"end":{"line":53,"column":5}},"17":{"start":{"line":52,"column":8},"end":{"line":52,"column":35}},"18":{"start":{"line":55,"column":4},"end":{"line":57,"column":5}},"19":{"start":{"line":56,"column":8},"end":{"line":56,"column":31}},"20":{"start":{"line":59,"column":4},"end":{"line":59,"column":19}}},"fnMap":{"0":{"name":"(anonymous_0)","decl":{"start":{"line":10,"column":4},"end":{"line":10,"column":5}},"loc":{"start":{"line":10,"column":22},"end":{"line":12,"column":5}},"line":10},"1":{"name":"(anonymous_1)","decl":{"start":{"line":14,"column":4},"end":{"line":14,"column":5}},"loc":{"start":{"line":14,"column":16},"end":{"line":20,"column":5}},"line":14},"2":{"name":"(anonymous_2)","decl":{"start":{"line":22,"column":4},"end":{"line":22,"column":5}},"loc":{"start":{"line":22,"column":23},"end":{"line":26,"column":5}},"line":22},"3":{"name":"(anonymous_3)","decl":{"start":{"line":28,"column":4},"end":{"line":28,"column":5}},"loc":{"start":{"line":28,"column":31},"end":{"line":32,"column":5}},"line":28},"4":{"name":"(anonymous_4)","decl":{"start":{"line":34,"column":4},"end":{"line":34,"column":5}},"loc":{"start":{"line":34,"column":19},"end":{"line":38,"column":5}},"line":34},"5":{"name":"(anonymous_5)","decl":{"start":{"line":41,"column":29},"end":{"line":41,"column":30}},"loc":{"start":{"line":41,"column":65},"end":{"line":60,"column":1}},"line":41}},"branchMap":{"0":{"loc":{"start":{"line":47,"column":4},"end":{"line":49,"column":5}},"type":"if","locations":[{"start":{"line":47,"column":4},"end":{"line":49,"column":5}},{"start":{"line":47,"column":4},"end":{"line":49,"column":5}}],"line":47},"1":{"loc":{"start":{"line":51,"column":4},"end":{"line":53,"column":5}},"type":"if","locations":[{"start":{"line":51,"column":4},"end":{"line":53,"column":5}},{"start":{"line":51,"column":4},"end":{"line":53,"column":5}}],"line":51},"2":{"loc":{"start":{"line":55,"column":4},"end":{"line":57,"column":5}},"type":"if","locations":[{"start":{"line":55,"column":4},"end":{"line":57,"column":5}},{"start":{"line":55,"column":4},"end":{"line":57,"column":5}}],"line":55}},"s":{"0":1,"1":2,"2":2,"3":2,"4":2,"5":2,"6":2,"7":2,"8":2,"9":1,"10":1,"11":1,"12":2,"13":2,"14":2,"15":1,"16":2,"17":1,"18":2,"19":1,"20":2},"f":{"0":1,"1":2,"2":2,"3":2,"4":1,"5":2},"b":{"0":[1,1],"1":[1,1],"2":[1,1]},"_coverageSchema":"332fd63041d2c1bcb487cc26dd0d5f7d97098a6c","hash":"541bd38235ef66c498e297537ad90400e685699d"}
,"/home/muramasa/Desarrollo/another-scraper/src/state/State.js": {"path":"/home/muramasa/Desarrollo/another-scraper/src/state/State.js","statementMap":{"0":{"start":{"line":6,"column":8},"end":{"line":6,"column":36}},"1":{"start":{"line":10,"column":8},"end":{"line":10,"column":24}},"2":{"start":{"line":12,"column":8},"end":{"line":14,"column":9}},"3":{"start":{"line":13,"column":12},"end":{"line":13,"column":28}},"4":{"start":{"line":18,"column":8},"end":{"line":20,"column":11}},"5":{"start":{"line":19,"column":12},"end":{"line":19,"column":44}},"6":{"start":{"line":25,"column":8},"end":{"line":29,"column":9}},"7":{"start":{"line":26,"column":12},"end":{"line":26,"column":35}},"8":{"start":{"line":28,"column":12},"end":{"line":28,"column":30}}},"fnMap":{"0":{"name":"(anonymous_0)","decl":{"start":{"line":5,"column":4},"end":{"line":5,"column":5}},"loc":{"start":{"line":5,"column":23},"end":{"line":7,"column":5}},"line":5},"1":{"name":"(anonymous_1)","decl":{"start":{"line":9,"column":4},"end":{"line":9,"column":5}},"loc":{"start":{"line":9,"column":27},"end":{"line":15,"column":5}},"line":9},"2":{"name":"(anonymous_2)","decl":{"start":{"line":17,"column":4},"end":{"line":17,"column":5}},"loc":{"start":{"line":17,"column":18},"end":{"line":21,"column":5}},"line":17},"3":{"name":"(anonymous_3)","decl":{"start":{"line":18,"column":38},"end":{"line":18,"column":39}},"loc":{"start":{"line":18,"column":47},"end":{"line":20,"column":9}},"line":18},"4":{"name":"(anonymous_4)","decl":{"start":{"line":23,"column":4},"end":{"line":23,"column":5}},"loc":{"start":{"line":23,"column":13},"end":{"line":30,"column":5}},"line":23}},"branchMap":{"0":{"loc":{"start":{"line":12,"column":8},"end":{"line":14,"column":9}},"type":"if","locations":[{"start":{"line":12,"column":8},"end":{"line":14,"column":9}},{"start":{"line":12,"column":8},"end":{"line":14,"column":9}}],"line":12},"1":{"loc":{"start":{"line":25,"column":8},"end":{"line":29,"column":9}},"type":"if","locations":[{"start":{"line":25,"column":8},"end":{"line":29,"column":9}},{"start":{"line":25,"column":8},"end":{"line":29,"column":9}}],"line":25}},"s":{"0":4,"1":4,"2":4,"3":1,"4":7,"5":7,"6":7,"7":6,"8":1},"f":{"0":4,"1":4,"2":7,"3":7,"4":7},"b":{"0":[1,3],"1":[6,1]},"_coverageSchema":"332fd63041d2c1bcb487cc26dd0d5f7d97098a6c","hash":"fe860cbffbf8a98017349f49fce3c5315849ee19"}
}
