TN:
SF:/home/muramasa/Desarrollo/another-scraper/src/engine/CheerioEngine.js
FN:3,(anonymous_0)
FN:4,(anonymous_1)
FN:14,(anonymous_2)
FN:18,(anonymous_3)
FNF:4
FNH:4
FNDA:2,(anonymous_0)
FNDA:6,(anonymous_1)
FNDA:2,(anonymous_2)
FNDA:6,(anonymous_3)
DA:3,1
DA:4,2
DA:5,6
DA:7,6
DA:10,2
DA:15,2
DA:16,2
DA:18,2
DA:20,6
DA:23,2
LF:10
LH:10
BRF:0
BRH:0
end_of_record
TN:
SF:/home/muramasa/Desarrollo/another-scraper/src/engine/EngineInterface.js
FN:23,(anonymous_0)
FN:37,(anonymous_1)
FN:38,(anonymous_2)
FNF:3
FNH:3
FNDA:2,(anonymous_0)
FNDA:2,(anonymous_1)
FNDA:2,(anonymous_2)
DA:24,2
DA:38,2
DA:39,2
LF:3
LH:3
BRF:0
BRH:0
end_of_record
TN:
SF:/home/muramasa/Desarrollo/another-scraper/src/scraper/Scraper.js
FN:10,(anonymous_0)
FN:14,(anonymous_1)
FN:22,(anonymous_2)
FN:28,(anonymous_3)
FN:34,(anonymous_4)
FN:41,(anonymous_5)
FNF:6
FNH:6
FNDA:1,(anonymous_0)
FNDA:2,(anonymous_1)
FNDA:2,(anonymous_2)
FNDA:2,(anonymous_3)
FNDA:1,(anonymous_4)
FNDA:2,(anonymous_5)
DA:11,1
DA:15,2
DA:16,2
DA:17,2
DA:19,2
DA:23,2
DA:25,2
DA:29,2
DA:31,2
DA:35,1
DA:37,1
DA:41,1
DA:43,2
DA:45,2
DA:47,2
DA:48,1
DA:51,2
DA:52,1
DA:55,2
DA:56,1
DA:59,2
LF:21
LH:21
BRDA:47,0,0,1
BRDA:47,0,1,1
BRDA:51,1,0,1
BRDA:51,1,1,1
BRDA:55,2,0,1
BRDA:55,2,1,1
BRF:6
BRH:6
end_of_record
TN:
SF:/home/muramasa/Desarrollo/another-scraper/src/state/State.js
FN:5,(anonymous_0)
FN:9,(anonymous_1)
FN:17,(anonymous_2)
FN:18,(anonymous_3)
FN:23,(anonymous_4)
FNF:5
FNH:5
FNDA:4,(anonymous_0)
FNDA:4,(anonymous_1)
FNDA:7,(anonymous_2)
FNDA:7,(anonymous_3)
FNDA:7,(anonymous_4)
DA:6,4
DA:10,4
DA:12,4
DA:13,1
DA:18,7
DA:19,7
DA:25,7
DA:26,6
DA:28,1
LF:9
LH:9
BRDA:12,0,0,1
BRDA:12,0,1,3
BRDA:25,1,0,6
BRDA:25,1,1,1
BRF:4
BRH:4
end_of_record
